<?xml version="1.0" encoding="UTF-8"?>
<!-- Generated by org.testng.reporters.JUnitReportReporter -->
<testsuite hostname="Aman_Pundhir" failures="0" tests="1" name="login.Login_Maven.NewTest" time="12.102" errors="0" timestamp="2022-02-21T22:13:05 IST" skipped="0">
  <testcase classname="login.Login_Maven.NewTest" name="f" time="12.102"/>
  <system-out/>
</testsuite> <!-- login.Login_Maven.NewTest -->
